setting 'ivy.default.settings.dir' to 'jar:file:/C:/Users/%d0%a2%d0%b0%d1%8f/.IntelliJIdea2019.3/config/plugins/Scala/launcher/sbt-launch.jar!/org/apache/ivy/core/settings'
setting 'ivy.basedir' to 'D:\Проэкты\4 семестр\AirQualitySystem\AirQualitySystemWeb\.'
setting 'ivy.default.conf.dir' to 'jar:file:/C:/Users/%d0%a2%d0%b0%d1%8f/.IntelliJIdea2019.3/config/plugins/Scala/launcher/sbt-launch.jar!/org/apache/ivy/core/settings'
impossible to define new type: class not found: org.apache.ivy.plugins.resolver.SshResolver in [] nor Ivy classloader
impossible to define new type: class not found: org.apache.ivy.plugins.resolver.VsftpResolver in [] nor Ivy classloader
impossible to define new type: class not found: org.apache.ivy.plugins.version.PatternVersionMatcher in [] nor Ivy classloader
impossible to define new type: class not found: org.apache.ivy.plugins.trigger.LogTrigger in [] nor Ivy classloader
impossible to define new type: class not found: org.apache.ivy.ant.AntBuildTrigger in [] nor Ivy classloader
impossible to define new type: class not found: org.apache.ivy.plugins.resolver.IvyRepResolver in [] nor Ivy classloader
impossible to define new type: class not found: org.apache.ivy.plugins.signer.bouncycastle.OpenPGPSignatureGenerator in [] nor Ivy classloader
impossible to define new type: class not found: org.apache.ivy.plugins.conflict.RegexpConflictManager in [] nor Ivy classloader
impossible to define new type: class not found: org.apache.ivy.plugins.resolver.SFTPResolver in [] nor Ivy classloader
impossible to define new type: class not found: org.apache.ivy.osgi.updatesite.UpdateSiteResolver in [] nor Ivy classloader
impossible to define new type: class not found: org.apache.ivy.ant.AntCallTrigger in [] nor Ivy classloader
impossible to define new type: class not found: org.apache.ivy.plugins.resolver.MirroredURLResolver in [] nor Ivy classloader
impossible to define new type: class not found: org.apache.ivy.plugins.resolver.packager.PackagerResolver in [] nor Ivy classloader
impossible to define new type: class not found: org.apache.ivy.plugins.resolver.DualResolver in [] nor Ivy classloader
impossible to define new type: class not found: org.apache.ivy.plugins.resolver.VfsResolver in [] nor Ivy classloader
impossible to define new type: class not found: org.apache.ivy.plugins.resolver.JarResolver in [] nor Ivy classloader
impossible to define new type: class not found: org.apache.ivy.osgi.obr.OBRResolver in [] nor Ivy classloader
impossible to define glob matcher: org.apache.ivy.plugins.matcher.GlobPatternMatcher was not found.
setting 'jline.esc.timeout' to '0'
setting 'java.runtime.name' to 'Java(TM) SE Runtime Environment'
setting 'sun.boot.library.path' to 'C:\Program Files\Java\jdk1.8.0_231\jre\bin'
setting 'java.vm.version' to '25.231-b11'
setting 'jline.terminal' to 'jline.UnsupportedTerminal'
setting 'java.vm.vendor' to 'Oracle Corporation'
setting 'java.vendor.url' to 'http://java.oracle.com/'
setting 'path.separator' to ';'
setting 'java.vm.name' to 'Java HotSpot(TM) 64-Bit Server VM'
setting 'file.encoding.pkg' to 'sun.io'
setting 'user.country' to 'RU'
setting 'user.script' to ''
setting 'sun.java.launcher' to 'SUN_STANDARD'
setting 'sun.os.patch.level' to ''
setting 'java.vm.specification.name' to 'Java Virtual Machine Specification'
setting 'user.dir' to 'D:\Проэкты\4 семестр\AirQualitySystem\AirQualitySystemWeb'
setting 'java.runtime.version' to '1.8.0_231-b11'
setting 'java.awt.graphicsenv' to 'sun.awt.Win32GraphicsEnvironment'
setting 'idea.managed' to 'true'
setting 'java.endorsed.dirs' to 'C:\Program Files\Java\jdk1.8.0_231\jre\lib\endorsed'
setting 'os.arch' to 'amd64'
setting 'java.io.tmpdir' to 'C:\Users\EED2~1\AppData\Local\Temp\'
setting 'line.separator' to '
'
setting 'java.vm.specification.vendor' to 'Oracle Corporation'
setting 'user.variant' to ''
setting 'os.name' to 'Windows 10'
setting 'sbt.log.noformat' to 'true'
setting 'sun.jnu.encoding' to 'Cp1251'
setting 'java.library.path' to 'C:\Program Files\Java\jdk1.8.0_231\bin;C:\Windows\Sun\Java\bin;C:\Windows\system32;C:\Windows;C:\Program Files (x86)\Common Files\Oracle\Java\javapath;C:\watcom-1.3\binnt;C:\watcom-1.3\binw;C:\Windows\system32;C:\Windows;C:\Windows\System32\Wbem;C:\Windows\System32\WindowsPowerShell\v1.0\;C:\Windows\System32\OpenSSH\;C:\Program Files\Git\cmd;C:\Program Files\nodejs\;C:\Program Files\doxygen\bin;C:\Users\Тая\AppData\Local\Microsoft\WindowsApps;C:\Users\Тая\AppData\Local\GitHubDesktop\bin;C:\Users\Тая\AppData\Roaming\npm;.'
setting 'java.specification.name' to 'Java Platform API Specification'
setting 'java.class.version' to '52.0'
setting 'sun.management.compiler' to 'HotSpot 64-Bit Tiered Compilers'
setting 'os.version' to '10.0'
setting 'user.home' to 'C:\Users\Тая'
setting 'user.timezone' to ''
setting 'java.awt.printerjob' to 'sun.awt.windows.WPrinterJob'
setting 'file.encoding' to 'UTF-8'
setting 'java.specification.version' to '1.8'
setting 'java.class.path' to 'C:/Users/Тая/.IntelliJIdea2019.3/config/plugins/Scala/launcher/sbt-launch.jar'
setting 'user.name' to 'Тая'
setting 'jline.shutdownhook' to 'false'
setting 'java.vm.specification.version' to '1.8'
setting 'sun.java.command' to 'C:/Users/Тая/.IntelliJIdea2019.3/config/plugins/Scala/launcher/sbt-launch.jar'
setting 'java.home' to 'C:\Program Files\Java\jdk1.8.0_231\jre'
setting 'sun.arch.data.model' to '64'
setting 'user.language' to 'ru'
setting 'java.specification.vendor' to 'Oracle Corporation'
setting 'awt.toolkit' to 'sun.awt.windows.WToolkit'
setting 'java.vm.info' to 'mixed mode'
setting 'java.version' to '1.8.0_231'
setting 'java.ext.dirs' to 'C:\Program Files\Java\jdk1.8.0_231\jre\lib\ext;C:\Windows\Sun\Java\lib\ext'
setting 'sun.boot.class.path' to 'C:\Program Files\Java\jdk1.8.0_231\jre\lib\resources.jar;C:\Program Files\Java\jdk1.8.0_231\jre\lib\rt.jar;C:\Program Files\Java\jdk1.8.0_231\jre\lib\sunrsasign.jar;C:\Program Files\Java\jdk1.8.0_231\jre\lib\jsse.jar;C:\Program Files\Java\jdk1.8.0_231\jre\lib\jce.jar;C:\Program Files\Java\jdk1.8.0_231\jre\lib\charsets.jar;C:\Program Files\Java\jdk1.8.0_231\jre\lib\jfr.jar;C:\Program Files\Java\jdk1.8.0_231\jre\classes'
setting 'java.vendor' to 'Oracle Corporation'
setting 'file.separator' to '\'
setting 'java.vendor.url.bug' to 'http://bugreport.sun.com/bugreport/'
setting 'sun.io.unicode.encoding' to 'UnicodeLittle'
setting 'sun.cpu.endian' to 'little'
setting 'sun.desktop' to 'windows'
setting 'sun.cpu.isalist' to 'amd64'
setting 'ivy.default.ivy.user.dir' to 'C:\Users\Тая\.ivy2'
setting 'ivy.home' to 'C:\Users\Тая\.ivy2'
setting 'ivy.cache.dir' to 'C:\Users\Тая\.ivy2\cache'
no default cache defined: set to C:\Users\Тая\.ivy2\cache
setting 'ivy.checksums' to 'sha1,md5'
setting 'ivy.basedir' to 'C:\Users\Тая\.sbt\boot'
setting 'basedir' to 'C:\Users\Тая\.sbt\boot'
:: resolving dependencies :: org.scala-sbt#boot-jansi;1.0
	confs: [default]
	validate = true
	refresh = false
resolving dependencies for configuration 'default'
== resolving dependencies for org.scala-sbt#boot-jansi;1.0 [default]
loadData of org.scala-sbt#boot-jansi;1.0 of rootConf=default
== resolving dependencies org.scala-sbt#boot-jansi;1.0->org.fusesource.jansi#jansi;1.11 [default->default(compile)]
loadData of org.fusesource.jansi#jansi;1.11 of rootConf=default
	using redefined-public to resolve org.fusesource.jansi#jansi;1.11
redefined-public: Checking cache for: dependency: org.fusesource.jansi#jansi;1.11 {default=[default(compile)]}
redefined-public: no namespace defined: using system
	no ivy file in cache for org.fusesource.jansi#jansi;1.11: tried C:\Users\Тая\.ivy2\cache\org.fusesource.jansi\jansi\ivy-1.11.xml
redefined-public: no latest strategy defined: using default
local: no namespace defined: using system
	no ivy file in cache for org.fusesource.jansi#jansi;1.11: tried C:\Users\Тая\.ivy2\cache\org.fusesource.jansi\jansi\ivy-1.11.xml
	 trying C:\Users\Тая\.ivy2\local\org.fusesource.jansi\jansi\1.11\ivys\ivy.xml
		tried C:\Users\Тая\.ivy2\local\org.fusesource.jansi\jansi\1.11\ivys\ivy.xml
	local: resource not reachable for org.fusesource.jansi#jansi;1.11: res=C:\Users\Тая\.ivy2\local\org.fusesource.jansi\jansi\1.11\ivys\ivy.xml
	 trying C:\Users\Тая\.ivy2\local\org.fusesource.jansi\jansi\1.11\jars\jansi.jar
		tried C:\Users\Тая\.ivy2\local\org.fusesource.jansi\jansi\1.11\jars\jansi.jar
	local: resource not reachable for org.fusesource.jansi#jansi;1.11: res=C:\Users\Тая\.ivy2\local\org.fusesource.jansi\jansi\1.11\jars\jansi.jar
	local: no ivy file nor artifact found for org.fusesource.jansi#jansi;1.11
local-preloaded-ivy: no namespace defined: using system
	no ivy file in cache for org.fusesource.jansi#jansi;1.11: tried C:\Users\Тая\.ivy2\cache\org.fusesource.jansi\jansi\ivy-1.11.xml
	 trying file:/C:/Users/Тая/.sbt/preloaded/org.fusesource.jansi/jansi/1.11/ivys/ivy.xml
		tried file:/C:/Users/Тая/.sbt/preloaded/org.fusesource.jansi/jansi/1.11/ivys/ivy.xml
	local-preloaded-ivy: resource not reachable for org.fusesource.jansi#jansi;1.11: res=file:/C:/Users/Тая/.sbt/preloaded/org.fusesource.jansi/jansi/1.11/ivys/ivy.xml
	local-preloaded-ivy: no ivy file found for org.fusesource.jansi#jansi;1.11
local-preloaded: no namespace defined: using system
	no ivy file in cache for org.fusesource.jansi#jansi;1.11: tried C:\Users\Тая\.ivy2\cache\org.fusesource.jansi\jansi\ivy-1.11.xml
	 trying file:/C:/Users/Тая/.sbt/preloaded/org/fusesource/jansi/jansi/1.11/jansi-1.11.pom
		tried file:/C:/Users/Тая/.sbt/preloaded/org/fusesource/jansi/jansi/1.11/jansi-1.11.pom
	local-preloaded: resource not reachable for org/fusesource/jansi#jansi;1.11: res=file:/C:/Users/Тая/.sbt/preloaded/org/fusesource/jansi/jansi/1.11/jansi-1.11.pom
	 trying file:/C:/Users/Тая/.sbt/preloaded/org/fusesource/jansi/jansi/1.11/jansi-1.11.jar
		tried file:/C:/Users/Тая/.sbt/preloaded/org/fusesource/jansi/jansi/1.11/jansi-1.11.jar
	local-preloaded: resource not reachable for org/fusesource/jansi#jansi;1.11: res=file:/C:/Users/Тая/.sbt/preloaded/org/fusesource/jansi/jansi/1.11/jansi-1.11.jar
	local-preloaded: no ivy file nor artifact found for org.fusesource.jansi#jansi;1.11
Maven Central: no namespace defined: using system
	no ivy file in cache for org.fusesource.jansi#jansi;1.11: tried C:\Users\Тая\.ivy2\cache\org.fusesource.jansi\jansi\ivy-1.11.xml
	 trying https://repo1.maven.org/maven2/org/fusesource/jansi/jansi/1.11/jansi-1.11.pom
		tried https://repo1.maven.org/maven2/org/fusesource/jansi/jansi/1.11/jansi-1.11.pom
WARN: Host repo1.maven.org not found. url=https://repo1.maven.org/maven2/org/fusesource/jansi/jansi/1.11/jansi-1.11.pom
You probably access the destination server through a proxy server that is not well configured.
	Maven Central: resource not reachable for org/fusesource/jansi#jansi;1.11: res=https://repo1.maven.org/maven2/org/fusesource/jansi/jansi/1.11/jansi-1.11.pom
	 trying https://repo1.maven.org/maven2/org/fusesource/jansi/jansi/1.11/jansi-1.11.jar
		tried https://repo1.maven.org/maven2/org/fusesource/jansi/jansi/1.11/jansi-1.11.jar
WARN: Host repo1.maven.org not found. url=https://repo1.maven.org/maven2/org/fusesource/jansi/jansi/1.11/jansi-1.11.jar
You probably access the destination server through a proxy server that is not well configured.
	Maven Central: resource not reachable for org/fusesource/jansi#jansi;1.11: res=https://repo1.maven.org/maven2/org/fusesource/jansi/jansi/1.11/jansi-1.11.jar
	Maven Central: no ivy file nor artifact found for org.fusesource.jansi#jansi;1.11
sbt-maven-releases: no namespace defined: using system
	no ivy file in cache for org.fusesource.jansi#jansi;1.11: tried C:\Users\Тая\.ivy2\cache\org.fusesource.jansi\jansi\ivy-1.11.xml
	 trying https://repo.scala-sbt.org/scalasbt/maven-releases/org/fusesource/jansi/jansi/1.11/jansi-1.11.pom
		tried https://repo.scala-sbt.org/scalasbt/maven-releases/org/fusesource/jansi/jansi/1.11/jansi-1.11.pom
WARN: Host repo.scala-sbt.org not found. url=https://repo.scala-sbt.org/scalasbt/maven-releases/org/fusesource/jansi/jansi/1.11/jansi-1.11.pom
You probably access the destination server through a proxy server that is not well configured.
	sbt-maven-releases: resource not reachable for org/fusesource/jansi#jansi;1.11: res=https://repo.scala-sbt.org/scalasbt/maven-releases/org/fusesource/jansi/jansi/1.11/jansi-1.11.pom
	 trying https://repo.scala-sbt.org/scalasbt/maven-releases/org/fusesource/jansi/jansi/1.11/jansi-1.11.jar
		tried https://repo.scala-sbt.org/scalasbt/maven-releases/org/fusesource/jansi/jansi/1.11/jansi-1.11.jar
WARN: Host repo.scala-sbt.org not found. url=https://repo.scala-sbt.org/scalasbt/maven-releases/org/fusesource/jansi/jansi/1.11/jansi-1.11.jar
You probably access the destination server through a proxy server that is not well configured.
	sbt-maven-releases: resource not reachable for org/fusesource/jansi#jansi;1.11: res=https://repo.scala-sbt.org/scalasbt/maven-releases/org/fusesource/jansi/jansi/1.11/jansi-1.11.jar
	sbt-maven-releases: no ivy file nor artifact found for org.fusesource.jansi#jansi;1.11
sbt-maven-snapshots: no namespace defined: using system
	no ivy file in cache for org.fusesource.jansi#jansi;1.11: tried C:\Users\Тая\.ivy2\cache\org.fusesource.jansi\jansi\ivy-1.11.xml
	 trying https://repo.scala-sbt.org/scalasbt/maven-snapshots/org/fusesource/jansi/jansi/1.11/jansi-1.11.pom
		tried https://repo.scala-sbt.org/scalasbt/maven-snapshots/org/fusesource/jansi/jansi/1.11/jansi-1.11.pom
WARN: Host repo.scala-sbt.org not found. url=https://repo.scala-sbt.org/scalasbt/maven-snapshots/org/fusesource/jansi/jansi/1.11/jansi-1.11.pom
You probably access the destination server through a proxy server that is not well configured.
	sbt-maven-snapshots: resource not reachable for org/fusesource/jansi#jansi;1.11: res=https://repo.scala-sbt.org/scalasbt/maven-snapshots/org/fusesource/jansi/jansi/1.11/jansi-1.11.pom
	 trying https://repo.scala-sbt.org/scalasbt/maven-snapshots/org/fusesource/jansi/jansi/1.11/jansi-1.11.jar
		tried https://repo.scala-sbt.org/scalasbt/maven-snapshots/org/fusesource/jansi/jansi/1.11/jansi-1.11.jar
WARN: Host repo.scala-sbt.org not found. url=https://repo.scala-sbt.org/scalasbt/maven-snapshots/org/fusesource/jansi/jansi/1.11/jansi-1.11.jar
You probably access the destination server through a proxy server that is not well configured.
	sbt-maven-snapshots: resource not reachable for org/fusesource/jansi#jansi;1.11: res=https://repo.scala-sbt.org/scalasbt/maven-snapshots/org/fusesource/jansi/jansi/1.11/jansi-1.11.jar
	sbt-maven-snapshots: no ivy file nor artifact found for org.fusesource.jansi#jansi;1.11
typesafe-ivy-releases: no namespace defined: using system
	no ivy file in cache for org.fusesource.jansi#jansi;1.11: tried C:\Users\Тая\.ivy2\cache\org.fusesource.jansi\jansi\ivy-1.11.xml
	 trying https://repo.typesafe.com/typesafe/ivy-releases/org.fusesource.jansi/jansi/1.11/ivys/ivy.xml
		tried https://repo.typesafe.com/typesafe/ivy-releases/org.fusesource.jansi/jansi/1.11/ivys/ivy.xml
WARN: Host repo.typesafe.com not found. url=https://repo.typesafe.com/typesafe/ivy-releases/org.fusesource.jansi/jansi/1.11/ivys/ivy.xml
You probably access the destination server through a proxy server that is not well configured.
	typesafe-ivy-releases: resource not reachable for org.fusesource.jansi#jansi;1.11: res=https://repo.typesafe.com/typesafe/ivy-releases/org.fusesource.jansi/jansi/1.11/ivys/ivy.xml
	typesafe-ivy-releases: no ivy file found for org.fusesource.jansi#jansi;1.11
sbt-ivy-snapshots: no namespace defined: using system
	no ivy file in cache for org.fusesource.jansi#jansi;1.11: tried C:\Users\Тая\.ivy2\cache\org.fusesource.jansi\jansi\ivy-1.11.xml
	 trying https://repo.scala-sbt.org/scalasbt/ivy-snapshots/org.fusesource.jansi/jansi/1.11/ivys/ivy.xml
		tried https://repo.scala-sbt.org/scalasbt/ivy-snapshots/org.fusesource.jansi/jansi/1.11/ivys/ivy.xml
WARN: Host repo.scala-sbt.org not found. url=https://repo.scala-sbt.org/scalasbt/ivy-snapshots/org.fusesource.jansi/jansi/1.11/ivys/ivy.xml
You probably access the destination server through a proxy server that is not well configured.
	sbt-ivy-snapshots: resource not reachable for org.fusesource.jansi#jansi;1.11: res=https://repo.scala-sbt.org/scalasbt/ivy-snapshots/org.fusesource.jansi/jansi/1.11/ivys/ivy.xml
	sbt-ivy-snapshots: no ivy file found for org.fusesource.jansi#jansi;1.11
WARN: 	module not found: org.fusesource.jansi#jansi;1.11
WARN: ==== local: tried
WARN:   C:\Users\Тая\.ivy2\local\org.fusesource.jansi\jansi\1.11\ivys\ivy.xml
WARN:   -- artifact org.fusesource.jansi#jansi;1.11!jansi.jar:
WARN:   C:\Users\Тая\.ivy2\local\org.fusesource.jansi\jansi\1.11\jars\jansi.jar
WARN: ==== local-preloaded-ivy: tried
WARN:   file:/C:/Users/Тая/.sbt/preloaded/org.fusesource.jansi/jansi/1.11/ivys/ivy.xml
WARN: ==== local-preloaded: tried
WARN:   file:/C:/Users/Тая/.sbt/preloaded/org/fusesource/jansi/jansi/1.11/jansi-1.11.pom
WARN:   -- artifact org.fusesource.jansi#jansi;1.11!jansi.jar:
WARN:   file:/C:/Users/Тая/.sbt/preloaded/org/fusesource/jansi/jansi/1.11/jansi-1.11.jar
WARN: ==== Maven Central: tried
WARN:   https://repo1.maven.org/maven2/org/fusesource/jansi/jansi/1.11/jansi-1.11.pom
WARN:   -- artifact org.fusesource.jansi#jansi;1.11!jansi.jar:
WARN:   https://repo1.maven.org/maven2/org/fusesource/jansi/jansi/1.11/jansi-1.11.jar
WARN: ==== sbt-maven-releases: tried
WARN:   https://repo.scala-sbt.org/scalasbt/maven-releases/org/fusesource/jansi/jansi/1.11/jansi-1.11.pom
WARN:   -- artifact org.fusesource.jansi#jansi;1.11!jansi.jar:
WARN:   https://repo.scala-sbt.org/scalasbt/maven-releases/org/fusesource/jansi/jansi/1.11/jansi-1.11.jar
WARN: ==== sbt-maven-snapshots: tried
WARN:   https://repo.scala-sbt.org/scalasbt/maven-snapshots/org/fusesource/jansi/jansi/1.11/jansi-1.11.pom
WARN:   -- artifact org.fusesource.jansi#jansi;1.11!jansi.jar:
WARN:   https://repo.scala-sbt.org/scalasbt/maven-snapshots/org/fusesource/jansi/jansi/1.11/jansi-1.11.jar
WARN: ==== typesafe-ivy-releases: tried
WARN:   https://repo.typesafe.com/typesafe/ivy-releases/org.fusesource.jansi/jansi/1.11/ivys/ivy.xml
WARN: ==== sbt-ivy-snapshots: tried
WARN:   https://repo.scala-sbt.org/scalasbt/ivy-snapshots/org.fusesource.jansi/jansi/1.11/ivys/ivy.xml
Nbr of module to sort : 0
	resolved ivy file produced in cache
:: downloading artifacts ::
:: resolution report :: resolve 1302ms :: artifacts dl 0ms
WARN: 	::::::::::::::::::::::::::::::::::::::::::::::
WARN: 	::          UNRESOLVED DEPENDENCIES         ::
WARN: 	::::::::::::::::::::::::::::::::::::::::::::::
WARN: 	:: org.fusesource.jansi#jansi;1.11: not found
WARN: 	::::::::::::::::::::::::::::::::::::::::::::::

Nbr of module to sort : 0
	report for org.scala-sbt#boot-jansi;1.0 default produced in C:\Users\Тая\.sbt\boot\resolution-cache\org.scala-sbt-boot-jansi-default.xml
	resolve done (1302ms resolve - 0ms download)

:: problems summary ::
:::: WARNINGS
	Host repo1.maven.org not found. url=https://repo1.maven.org/maven2/org/fusesource/jansi/jansi/1.11/jansi-1.11.pom

	Host repo1.maven.org not found. url=https://repo1.maven.org/maven2/org/fusesource/jansi/jansi/1.11/jansi-1.11.jar

	Host repo.scala-sbt.org not found. url=https://repo.scala-sbt.org/scalasbt/maven-releases/org/fusesource/jansi/jansi/1.11/jansi-1.11.pom

	Host repo.scala-sbt.org not found. url=https://repo.scala-sbt.org/scalasbt/maven-releases/org/fusesource/jansi/jansi/1.11/jansi-1.11.jar

	Host repo.scala-sbt.org not found. url=https://repo.scala-sbt.org/scalasbt/maven-snapshots/org/fusesource/jansi/jansi/1.11/jansi-1.11.pom

	Host repo.scala-sbt.org not found. url=https://repo.scala-sbt.org/scalasbt/maven-snapshots/org/fusesource/jansi/jansi/1.11/jansi-1.11.jar

	Host repo.typesafe.com not found. url=https://repo.typesafe.com/typesafe/ivy-releases/org.fusesource.jansi/jansi/1.11/ivys/ivy.xml

	Host repo.scala-sbt.org not found. url=https://repo.scala-sbt.org/scalasbt/ivy-snapshots/org.fusesource.jansi/jansi/1.11/ivys/ivy.xml

		module not found: org.fusesource.jansi#jansi;1.11

	==== local: tried

	  C:\Users\Тая\.ivy2\local\org.fusesource.jansi\jansi\1.11\ivys\ivy.xml

	  -- artifact org.fusesource.jansi#jansi;1.11!jansi.jar:

	  C:\Users\Тая\.ivy2\local\org.fusesource.jansi\jansi\1.11\jars\jansi.jar

	==== local-preloaded-ivy: tried

	  file:/C:/Users/Тая/.sbt/preloaded/org.fusesource.jansi/jansi/1.11/ivys/ivy.xml

	==== local-preloaded: tried

	  file:/C:/Users/Тая/.sbt/preloaded/org/fusesource/jansi/jansi/1.11/jansi-1.11.pom

	  -- artifact org.fusesource.jansi#jansi;1.11!jansi.jar:

	  file:/C:/Users/Тая/.sbt/preloaded/org/fusesource/jansi/jansi/1.11/jansi-1.11.jar

	==== Maven Central: tried

	  https://repo1.maven.org/maven2/org/fusesource/jansi/jansi/1.11/jansi-1.11.pom

	  -- artifact org.fusesource.jansi#jansi;1.11!jansi.jar:

	  https://repo1.maven.org/maven2/org/fusesource/jansi/jansi/1.11/jansi-1.11.jar

	==== sbt-maven-releases: tried

	  https://repo.scala-sbt.org/scalasbt/maven-releases/org/fusesource/jansi/jansi/1.11/jansi-1.11.pom

	  -- artifact org.fusesource.jansi#jansi;1.11!jansi.jar:

	  https://repo.scala-sbt.org/scalasbt/maven-releases/org/fusesource/jansi/jansi/1.11/jansi-1.11.jar

	==== sbt-maven-snapshots: tried

	  https://repo.scala-sbt.org/scalasbt/maven-snapshots/org/fusesource/jansi/jansi/1.11/jansi-1.11.pom

	  -- artifact org.fusesource.jansi#jansi;1.11!jansi.jar:

	  https://repo.scala-sbt.org/scalasbt/maven-snapshots/org/fusesource/jansi/jansi/1.11/jansi-1.11.jar

	==== typesafe-ivy-releases: tried

	  https://repo.typesafe.com/typesafe/ivy-releases/org.fusesource.jansi/jansi/1.11/ivys/ivy.xml

	==== sbt-ivy-snapshots: tried

	  https://repo.scala-sbt.org/scalasbt/ivy-snapshots/org.fusesource.jansi/jansi/1.11/ivys/ivy.xml

		::::::::::::::::::::::::::::::::::::::::::::::

		::          UNRESOLVED DEPENDENCIES         ::

		::::::::::::::::::::::::::::::::::::::::::::::

		:: org.fusesource.jansi#jansi;1.11: not found

		::::::::::::::::::::::::::::::::::::::::::::::



:: USE VERBOSE OR DEBUG MESSAGE LEVEL FOR MORE DETAILS
java.lang.RuntimeException: not found
	at org.apache.ivy.core.resolve.IvyNode.loadData(IvyNode.java:238)
	at org.apache.ivy.core.resolve.VisitNode.loadData(VisitNode.java:292)
	at org.apache.ivy.core.resolve.ResolveEngine.fetchDependencies(ResolveEngine.java:714)
	at org.apache.ivy.core.resolve.ResolveEngine.doFetchDependencies(ResolveEngine.java:799)
	at org.apache.ivy.core.resolve.ResolveEngine.fetchDependencies(ResolveEngine.java:722)
	at org.apache.ivy.core.resolve.ResolveEngine.getDependencies(ResolveEngine.java:594)
	at org.apache.ivy.core.resolve.ResolveEngine.resolve(ResolveEngine.java:234)
	at xsbt.boot.Update.xsbt$boot$Update$$lockedApply(Update.scala:105)
	at xsbt.boot.Update$$anon$4.call(Update.scala:99)
	at xsbt.boot.Locks$GlobalLock.withChannel$1(Locks.scala:95)
	at xsbt.boot.Locks$GlobalLock.xsbt$boot$Locks$GlobalLock$$withChannelRetries$1(Locks.scala:80)
	at xsbt.boot.Locks$GlobalLock$$anonfun$withFileLock$1.apply(Locks.scala:99)
	at xsbt.boot.Using$.withResource(Using.scala:10)
	at xsbt.boot.Using$.apply(Using.scala:9)
	at xsbt.boot.Locks$GlobalLock.ignoringDeadlockAvoided(Locks.scala:60)
	at xsbt.boot.Locks$GlobalLock.withLock(Locks.scala:50)
	at xsbt.boot.Locks$.apply0(Locks.scala:31)
	at xsbt.boot.Locks$.apply(Locks.scala:28)
	at xsbt.boot.Update.apply(Update.scala:100)
	at xsbt.boot.Launch.update(Launch.scala:359)
	at xsbt.boot.Launch$$anonfun$jansiLoader$1.apply(Launch.scala:178)
	at scala.Option.getOrElse(Option.scala:120)
	at xsbt.boot.Launch.jansiLoader$2f324eef(Launch.scala:173)
	at xsbt.boot.Launch.<init>(Launch.scala:150)
	at xsbt.boot.Launcher$.apply(Launch.scala:373)
	at xsbt.boot.Launch$.apply(Launch.scala:18)
	at xsbt.boot.Boot$.runImpl(Boot.scala:56)
	at xsbt.boot.Boot$.main(Boot.scala:18)
	at xsbt.boot.Boot.main(Boot.scala)
Error during sbt execution: Error retrieving required libraries
	at xsbt.boot.Pre$.error(Pre.scala:26)
	at xsbt.boot.Update.xsbt$boot$Update$$lockedApply(Update.scala:105)
	at xsbt.boot.Update$$anon$4.call(Update.scala:99)
	at xsbt.boot.Locks$GlobalLock.withChannel$1(Locks.scala:95)
	at xsbt.boot.Locks$GlobalLock.xsbt$boot$Locks$GlobalLock$$withChannelRetries$1(Locks.scala:80)
	at xsbt.boot.Locks$GlobalLock$$anonfun$withFileLock$1.apply(Locks.scala:99)
	at xsbt.boot.Using$.withResource(Using.scala:10)
	at xsbt.boot.Using$.apply(Using.scala:9)
	at xsbt.boot.Locks$GlobalLock.ignoringDeadlockAvoided(Locks.scala:60)
	at xsbt.boot.Locks$GlobalLock.withLock(Locks.scala:50)
	at xsbt.boot.Locks$.apply0(Locks.scala:31)
	at xsbt.boot.Locks$.apply(Locks.scala:28)
	at xsbt.boot.Update.apply(Update.scala:100)
	at xsbt.boot.Launch.update(Launch.scala:359)
	at xsbt.boot.Launch$$anonfun$jansiLoader$1.apply(Launch.scala:178)
	at scala.Option.getOrElse(Option.scala:120)
	at xsbt.boot.Launch.jansiLoader$2f324eef(Launch.scala:173)
	at xsbt.boot.Launch.<init>(Launch.scala:150)
	at xsbt.boot.Launcher$.apply(Launch.scala:373)
	at xsbt.boot.Launch$.apply(Launch.scala:18)
	at xsbt.boot.Boot$.runImpl(Boot.scala:56)
	at xsbt.boot.Boot$.main(Boot.scala:18)
	at xsbt.boot.Boot.main(Boot.scala)
Error during sbt execution: Error retrieving required libraries
